TN:
SF:src/NFTMarketplace.sol
DA:28,17
FN:28,NFTMarketplace.constructor
FNDA:17,NFTMarketplace.constructor
DA:29,17
DA:30,17
DA:33,12
FN:33,NFTMarketplace.listNFT
FNDA:12,NFTMarketplace.listNFT
DA:34,12
BRDA:34,0,0,1
BRDA:34,0,1,11
DA:35,11
BRDA:35,1,0,1
BRDA:35,1,1,10
DA:36,10
DA:37,10
BRDA:37,2,0,1
BRDA:37,2,1,9
DA:38,9
DA:45,9
DA:47,9
BRDA:47,3,0,9
DA:48,9
DA:49,9
BRDA:49,4,0,1
BRDA:49,4,1,8
DA:52,8
DA:55,6
FN:55,NFTMarketplace.buyNFT
FNDA:6,NFTMarketplace.buyNFT
DA:56,6
DA:57,6
BRDA:57,5,0,1
BRDA:57,5,1,5
DA:58,5
BRDA:58,6,0,1
BRDA:58,6,1,4
DA:59,4
DA:60,4
BRDA:60,7,0,1
BRDA:60,7,1,3
DA:63,3
DA:65,3
DA:66,3
DA:68,3
DA:69,3
BRDA:69,8,0,1
BRDA:69,8,1,2
DA:71,2
BRDA:71,9,0,2
DA:72,2
DA:73,2
BRDA:73,10,0,1
BRDA:73,10,1,1
DA:76,1
DA:85,2
FN:85,NFTMarketplace.cancelList
FNDA:2,NFTMarketplace.cancelList
DA:86,2
DA:87,2
DA:88,2
BRDA:88,11,0,1
BRDA:88,11,1,1
DA:90,1
DA:93,1
FN:93,NFTMarketplace.setListingFee
FNDA:1,NFTMarketplace.setListingFee
DA:94,1
DA:95,1
DA:98,2
FN:98,NFTMarketplace.setSaleFeePercent
FNDA:2,NFTMarketplace.setSaleFeePercent
DA:99,2
BRDA:99,12,0,1
BRDA:99,12,1,1
DA:100,1
DA:101,1
FNF:6
FNH:6
LF:41
LH:41
BRF:24
BRH:24
end_of_record
TN:
SF:test/NFTMarketplaceTest.t.sol
DA:11,18
FN:11,MockNFT.mint
FNDA:18,MockNFT.mint
DA:12,18
DA:17,2
FN:17,RevertingReceiver.receive.0
FNDA:2,RevertingReceiver.receive.0
DA:18,2
DA:26,1
FN:26,RevertingSeller.constructor
FNDA:1,RevertingSeller.constructor
DA:27,1
DA:28,1
DA:31,1
FN:31,RevertingSeller.list
FNDA:1,RevertingSeller.list
DA:32,1
DA:33,1
DA:34,1
DA:37,1
FN:37,RevertingSeller.receive.1
FNDA:1,RevertingSeller.receive.1
DA:38,1
FNF:5
FNH:5
LF:13
LH:13
BRF:0
BRH:0
end_of_record
